{"/Users/janhcen/Desktop/training/serverless-framework/challenge-jaac/src/common/auth/index.ts": {"path":"/Users/janhcen/Desktop/training/serverless-framework/challenge-jaac/src/common/auth/index.ts","all":false,"statementMap":{"0":{"start":{"line":1,"column":0},"end":{"line":1,"column":43}},"1":{"start":{"line":2,"column":0},"end":{"line":2,"column":0}},"2":{"start":{"line":3,"column":0},"end":{"line":3,"column":19}},"3":{"start":{"line":4,"column":0},"end":{"line":4,"column":58}},"4":{"start":{"line":5,"column":0},"end":{"line":5,"column":66}},"5":{"start":{"line":6,"column":0},"end":{"line":6,"column":90}},"6":{"start":{"line":7,"column":0},"end":{"line":7,"column":0}},"7":{"start":{"line":8,"column":0},"end":{"line":8,"column":59}},"8":{"start":{"line":9,"column":0},"end":{"line":9,"column":0}},"9":{"start":{"line":10,"column":0},"end":{"line":10,"column":13}},"10":{"start":{"line":11,"column":0},"end":{"line":11,"column":12}},"11":{"start":{"line":12,"column":0},"end":{"line":12,"column":85}},"12":{"start":{"line":13,"column":0},"end":{"line":13,"column":60}},"13":{"start":{"line":14,"column":0},"end":{"line":14,"column":0}},"14":{"start":{"line":15,"column":0},"end":{"line":15,"column":24}},"15":{"start":{"line":16,"column":0},"end":{"line":16,"column":0}},"16":{"start":{"line":17,"column":0},"end":{"line":17,"column":0}},"17":{"start":{"line":18,"column":0},"end":{"line":18,"column":25}},"18":{"start":{"line":19,"column":0},"end":{"line":19,"column":71}},"19":{"start":{"line":20,"column":0},"end":{"line":20,"column":9}},"20":{"start":{"line":21,"column":0},"end":{"line":21,"column":5}},"21":{"start":{"line":22,"column":0},"end":{"line":22,"column":1}}},"s":{"0":1,"1":1,"2":1,"3":1,"4":4,"5":4,"6":2,"7":4,"8":4,"9":4,"10":4,"11":4,"12":4,"13":1,"14":1,"15":1,"16":1,"17":4,"18":0,"19":0,"20":4,"21":1},"branchMap":{"0":{"type":"branch","line":4,"loc":{"start":{"line":4,"column":17},"end":{"line":21,"column":5}},"locations":[{"start":{"line":4,"column":17},"end":{"line":21,"column":5}}]},"1":{"type":"branch","line":4,"loc":{"start":{"line":4,"column":29},"end":{"line":21,"column":5}},"locations":[{"start":{"line":4,"column":29},"end":{"line":21,"column":5}}]},"2":{"type":"branch","line":5,"loc":{"start":{"line":5,"column":28},"end":{"line":5,"column":66}},"locations":[{"start":{"line":5,"column":28},"end":{"line":5,"column":66}}]},"3":{"type":"branch","line":6,"loc":{"start":{"line":6,"column":-1},"end":{"line":6,"column":56}},"locations":[{"start":{"line":6,"column":-1},"end":{"line":6,"column":56}}]},"4":{"type":"branch","line":6,"loc":{"start":{"line":6,"column":49},"end":{"line":6,"column":90}},"locations":[{"start":{"line":6,"column":49},"end":{"line":6,"column":90}}]},"5":{"type":"branch","line":7,"loc":{"start":{"line":7,"column":-1},"end":{"line":8,"column":56}},"locations":[{"start":{"line":7,"column":-1},"end":{"line":8,"column":56}}]},"6":{"type":"branch","line":8,"loc":{"start":{"line":8,"column":52},"end":{"line":8,"column":58}},"locations":[{"start":{"line":8,"column":52},"end":{"line":8,"column":58}}]},"7":{"type":"branch","line":13,"loc":{"start":{"line":13,"column":-1},"end":{"line":13,"column":33}},"locations":[{"start":{"line":13,"column":-1},"end":{"line":13,"column":33}}]},"8":{"type":"branch","line":13,"loc":{"start":{"line":13,"column":26},"end":{"line":18,"column":17}},"locations":[{"start":{"line":13,"column":26},"end":{"line":18,"column":17}}]},"9":{"type":"branch","line":18,"loc":{"start":{"line":18,"column":10},"end":{"line":20,"column":9}},"locations":[{"start":{"line":18,"column":10},"end":{"line":20,"column":9}}]}},"b":{"0":[4],"1":[4],"2":[1],"3":[3],"4":[1],"5":[2],"6":[0],"7":[2],"8":[1],"9":[0]},"fnMap":{"0":{"name":"validateJWT","decl":{"start":{"line":4,"column":17},"end":{"line":21,"column":5}},"loc":{"start":{"line":4,"column":17},"end":{"line":21,"column":5}},"line":4}},"f":{"0":4}}
,"/Users/janhcen/Desktop/training/serverless-framework/challenge-jaac/src/plugins/index.ts": {"path":"/Users/janhcen/Desktop/training/serverless-framework/challenge-jaac/src/plugins/index.ts","all":false,"statementMap":{"0":{"start":{"line":1,"column":0},"end":{"line":1,"column":43}},"1":{"start":{"line":2,"column":0},"end":{"line":2,"column":29}}},"s":{"0":1,"1":1},"branchMap":{"0":{"type":"branch","line":1,"loc":{"start":{"line":1,"column":9},"end":{"line":1,"column":43}},"locations":[{"start":{"line":1,"column":9},"end":{"line":1,"column":43}}]}},"b":{"0":[1]},"fnMap":{"0":{"name":"get","decl":{"start":{"line":1,"column":9},"end":{"line":1,"column":43}},"loc":{"start":{"line":1,"column":9},"end":{"line":1,"column":43}},"line":1}},"f":{"0":1}}
,"/Users/janhcen/Desktop/training/serverless-framework/challenge-jaac/src/plugins/jwt.plugin.ts": {"path":"/Users/janhcen/Desktop/training/serverless-framework/challenge-jaac/src/plugins/jwt.plugin.ts","all":false,"statementMap":{"0":{"start":{"line":1,"column":0},"end":{"line":1,"column":36}},"1":{"start":{"line":2,"column":0},"end":{"line":2,"column":0}},"2":{"start":{"line":3,"column":0},"end":{"line":3,"column":24}},"3":{"start":{"line":4,"column":0},"end":{"line":4,"column":0}},"4":{"start":{"line":5,"column":0},"end":{"line":5,"column":25}},"5":{"start":{"line":6,"column":0},"end":{"line":6,"column":0}},"6":{"start":{"line":7,"column":0},"end":{"line":7,"column":71}},"7":{"start":{"line":8,"column":0},"end":{"line":8,"column":41}},"8":{"start":{"line":9,"column":0},"end":{"line":9,"column":108}},"9":{"start":{"line":10,"column":0},"end":{"line":10,"column":46}},"10":{"start":{"line":11,"column":0},"end":{"line":11,"column":38}},"11":{"start":{"line":12,"column":0},"end":{"line":12,"column":14}},"12":{"start":{"line":13,"column":0},"end":{"line":13,"column":11}},"13":{"start":{"line":14,"column":0},"end":{"line":14,"column":5}},"14":{"start":{"line":15,"column":0},"end":{"line":15,"column":0}},"15":{"start":{"line":16,"column":0},"end":{"line":16,"column":63}},"16":{"start":{"line":17,"column":0},"end":{"line":17,"column":41}},"17":{"start":{"line":18,"column":0},"end":{"line":18,"column":85}},"18":{"start":{"line":19,"column":0},"end":{"line":19,"column":46}},"19":{"start":{"line":20,"column":0},"end":{"line":20,"column":0}},"20":{"start":{"line":21,"column":0},"end":{"line":21,"column":45}},"21":{"start":{"line":22,"column":0},"end":{"line":22,"column":14}},"22":{"start":{"line":23,"column":0},"end":{"line":23,"column":11}},"23":{"start":{"line":24,"column":0},"end":{"line":24,"column":5}},"24":{"start":{"line":25,"column":0},"end":{"line":25,"column":1}}},"s":{"0":1,"1":1,"2":1,"3":1,"4":1,"5":1,"6":1,"7":2,"8":2,"9":2,"10":2,"11":2,"12":2,"13":2,"14":1,"15":1,"16":1,"17":1,"18":1,"19":1,"20":1,"21":1,"22":1,"23":1,"24":1},"branchMap":{"0":{"type":"branch","line":7,"loc":{"start":{"line":7,"column":17},"end":{"line":14,"column":5}},"locations":[{"start":{"line":7,"column":17},"end":{"line":14,"column":5}}]},"1":{"type":"branch","line":7,"loc":{"start":{"line":7,"column":31},"end":{"line":14,"column":5}},"locations":[{"start":{"line":7,"column":31},"end":{"line":14,"column":5}}]},"2":{"type":"branch","line":8,"loc":{"start":{"line":8,"column":27},"end":{"line":13,"column":9}},"locations":[{"start":{"line":8,"column":27},"end":{"line":13,"column":9}}]},"3":{"type":"branch","line":9,"loc":{"start":{"line":9,"column":91},"end":{"line":12,"column":13}},"locations":[{"start":{"line":9,"column":91},"end":{"line":12,"column":13}}]},"4":{"type":"branch","line":10,"loc":{"start":{"line":10,"column":25},"end":{"line":10,"column":46}},"locations":[{"start":{"line":10,"column":25},"end":{"line":10,"column":46}}]},"5":{"type":"branch","line":16,"loc":{"start":{"line":16,"column":11},"end":{"line":24,"column":5}},"locations":[{"start":{"line":16,"column":11},"end":{"line":24,"column":5}}]},"6":{"type":"branch","line":17,"loc":{"start":{"line":17,"column":27},"end":{"line":23,"column":9}},"locations":[{"start":{"line":17,"column":27},"end":{"line":23,"column":9}}]},"7":{"type":"branch","line":18,"loc":{"start":{"line":18,"column":66},"end":{"line":22,"column":13}},"locations":[{"start":{"line":18,"column":66},"end":{"line":22,"column":13}}]},"8":{"type":"branch","line":19,"loc":{"start":{"line":19,"column":25},"end":{"line":19,"column":46}},"locations":[{"start":{"line":19,"column":25},"end":{"line":19,"column":46}}]}},"b":{"0":[2],"1":[2],"2":[2],"3":[2],"4":[0],"5":[1],"6":[1],"7":[1],"8":[0]},"fnMap":{"0":{"name":"generateToken","decl":{"start":{"line":7,"column":17},"end":{"line":14,"column":5}},"loc":{"start":{"line":7,"column":17},"end":{"line":14,"column":5}},"line":7},"1":{"name":"validateToken","decl":{"start":{"line":16,"column":11},"end":{"line":24,"column":5}},"loc":{"start":{"line":16,"column":11},"end":{"line":24,"column":5}},"line":16}},"f":{"0":2,"1":1}}
}
