TN:
SF:src/common/auth/index.ts
FN:4,validateJWT
FNF:1
FNH:1
FNDA:4,validateJWT
DA:1,1
DA:2,1
DA:3,1
DA:4,1
DA:5,4
DA:6,4
DA:7,2
DA:8,4
DA:9,4
DA:10,4
DA:11,4
DA:12,4
DA:13,4
DA:14,1
DA:15,1
DA:16,1
DA:17,1
DA:18,4
DA:19,0
DA:20,0
DA:21,4
DA:22,1
LF:22
LH:20
BRDA:4,0,0,4
BRDA:4,1,0,4
BRDA:5,2,0,1
BRDA:6,3,0,3
BRDA:6,4,0,1
BRDA:7,5,0,2
BRDA:8,6,0,0
BRDA:13,7,0,2
BRDA:13,8,0,1
BRDA:18,9,0,0
BRF:10
BRH:8
end_of_record
TN:
SF:src/plugins/index.ts
FN:1,get
FNF:1
FNH:1
FNDA:1,get
DA:1,1
DA:2,1
LF:2
LH:2
BRDA:1,0,0,1
BRF:1
BRH:1
end_of_record
TN:
SF:src/plugins/jwt.plugin.ts
FN:7,generateToken
FN:16,validateToken
FNF:2
FNH:2
FNDA:2,generateToken
FNDA:1,validateToken
DA:1,1
DA:2,1
DA:3,1
DA:4,1
DA:5,1
DA:6,1
DA:7,1
DA:8,2
DA:9,2
DA:10,2
DA:11,2
DA:12,2
DA:13,2
DA:14,2
DA:15,1
DA:16,1
DA:17,1
DA:18,1
DA:19,1
DA:20,1
DA:21,1
DA:22,1
DA:23,1
DA:24,1
DA:25,1
LF:25
LH:25
BRDA:7,0,0,2
BRDA:7,1,0,2
BRDA:8,2,0,2
BRDA:9,3,0,2
BRDA:10,4,0,0
BRDA:16,5,0,1
BRDA:17,6,0,1
BRDA:18,7,0,1
BRDA:19,8,0,0
BRF:9
BRH:7
end_of_record
